# JRE version: OpenJDK Runtime Environment (11.0.11+9) (build 11.0.11+9-b60-7590822)
# Java VM: OpenJDK 64-Bit Server VM (11.0.11+9-b60-7590822, mixed mode, tiered, compressed oops, g1 gc, windows-amd64)
Heap:
 garbage-first heap   total 129024K, used 86284K [0x0000000080000000, 0x0000000100000000)
  region size 1024K, 58 young (59392K), 3 survivors (3072K)
 Metaspace       used 48439K, capacity 49748K, committed 49996K, reserved 1093632K
  class space    used 6187K, capacity 6672K, committed 6732K, reserved 1048576K
GC Heap History (14 events):
Event: 0.968 GC heap before
{Heap before GC invocations=0 (full 0):
 garbage-first heap   total 129024K, used 29696K [0x0000000080000000, 0x0000000100000000)
  region size 1024K, 24 young (24576K), 0 survivors (0K)
 Metaspace       used 10237K, capacity 10431K, committed 10624K, reserved 1058816K
  class space    used 1072K, capacity 1141K, committed 1152K, reserved 1048576K
}
Event: 0.972 GC heap after
{Heap after GC invocations=1 (full 0):
 garbage-first heap   total 129024K, used 9437K [0x0000000080000000, 0x0000000100000000)
  region size 1024K, 3 young (3072K), 3 survivors (3072K)
 Metaspace       used 10237K, capacity 10431K, committed 10624K, reserved 1058816K
  class space    used 1072K, capacity 1141K, committed 1152K, reserved 1048576K
}
Event: 2.357 GC heap before
{Heap before GC invocations=1 (full 0):
 garbage-first heap   total 129024K, used 83165K [0x0000000080000000, 0x0000000100000000)
  region size 1024K, 75 young (76800K), 3 survivors (3072K)
 Metaspace       used 17605K, capacity 18000K, committed 18176K, reserved 1064960K
  class space    used 2085K, capacity 2219K, committed 2304K, reserved 1048576K
}
Event: 2.364 GC heap after
{Heap after GC invocations=2 (full 0):
 garbage-first heap   total 129024K, used 15894K [0x0000000080000000, 0x0000000100000000)
  region size 1024K, 10 young (10240K), 10 survivors (10240K)
 Metaspace       used 17605K, capacity 18000K, committed 18176K, reserved 1064960K
  class space    used 2085K, capacity 2219K, committed 2304K, reserved 1048576K
}
Event: 2.642 GC heap before
{Heap before GC invocations=2 (full 0):
 garbage-first heap   total 129024K, used 41494K [0x0000000080000000, 0x0000000100000000)
  region size 1024K, 36 young (36864K), 10 survivors (10240K)
 Metaspace       used 20682K, capacity 21089K, committed 21248K, reserved 1067008K
  class space    used 2542K, capacity 2695K, committed 2816K, reserved 1048576K
}
Event: 2.651 GC heap after
{Heap after GC invocations=3 (full 0):
 garbage-first heap   total 129024K, used 16962K [0x0000000080000000, 0x0000000100000000)
  region size 1024K, 2 young (2048K), 2 survivors (2048K)
 Metaspace       used 20682K, capacity 21089K, committed 21248K, reserved 1067008K
  class space    used 2542K, capacity 2695K, committed 2816K, reserved 1048576K
}
Event: 3.362 GC heap before
{Heap before GC invocations=4 (full 0):
 garbage-first heap   total 129024K, used 79426K [0x0000000080000000, 0x0000000100000000)
  region size 1024K, 63 young (64512K), 2 survivors (2048K)
 Metaspace       used 26710K, capacity 27252K, committed 27392K, reserved 1073152K
  class space    used 3518K, capacity 3737K, committed 3840K, reserved 1048576K
}
Event: 3.366 GC heap after
{Heap after GC invocations=5 (full 0):
 garbage-first heap   total 129024K, used 18996K [0x0000000080000000, 0x0000000100000000)
  region size 1024K, 4 young (4096K), 4 survivors (4096K)
 Metaspace       used 26710K, capacity 27252K, committed 27392K, reserved 1073152K
  class space    used 3518K, capacity 3737K, committed 3840K, reserved 1048576K
}
Event: 4.102 GC heap before
{Heap before GC invocations=5 (full 0):
 garbage-first heap   total 129024K, used 68148K [0x0000000080000000, 0x0000000100000000)
  region size 1024K, 53 young (54272K), 4 survivors (4096K)
 Metaspace       used 35028K, capacity 35794K, committed 35840K, reserved 1081344K
  class space    used 4560K, capacity 4863K, committed 4864K, reserved 1048576K
}
Event: 4.111 GC heap after
{Heap after GC invocations=6 (full 0):
 garbage-first heap   total 129024K, used 22440K [0x0000000080000000, 0x0000000100000000)
  region size 1024K, 7 young (7168K), 7 survivors (7168K)
 Metaspace       used 35028K, capacity 35794K, committed 35840K, reserved 1081344K
  class space    used 4560K, capacity 4863K, committed 4864K, reserved 1048576K
}
Event: 4.959 GC heap before
{Heap before GC invocations=7 (full 0):
 garbage-first heap   total 129024K, used 94120K [0x0000000080000000, 0x0000000100000000)
  region size 1024K, 75 young (76800K), 7 survivors (7168K)
 Metaspace       used 40247K, capacity 41127K, committed 41420K, reserved 1085440K
  class space    used 5157K, capacity 5505K, committed 5580K, reserved 1048576K
}
Event: 4.969 GC heap after
{Heap after GC invocations=8 (full 0):
 garbage-first heap   total 129024K, used 27634K [0x0000000080000000, 0x0000000100000000)
  region size 1024K, 9 young (9216K), 9 survivors (9216K)
 Metaspace       used 40247K, capacity 41127K, committed 41420K, reserved 1085440K
  class space    used 5157K, capacity 5505K, committed 5580K, reserved 1048576K
}
Event: 6.169 GC heap before
{Heap before GC invocations=8 (full 0):
 garbage-first heap   total 129024K, used 95218K [0x0000000080000000, 0x0000000100000000)
  region size 1024K, 75 young (76800K), 9 survivors (9216K)
 Metaspace       used 46276K, capacity 47395K, committed 47692K, reserved 1091584K
  class space    used 5953K, capacity 6370K, committed 6476K, reserved 1048576K
}
Event: 6.181 GC heap after
{Heap after GC invocations=9 (full 0):
 garbage-first heap   total 129024K, used 29964K [0x0000000080000000, 0x0000000100000000)
  region size 1024K, 3 young (3072K), 3 survivors (3072K)
 Metaspace       used 46276K, capacity 47395K, committed 47692K, reserved 1091584K
  class space    used 5953K, capacity 6370K, committed 6476K, reserved 1048576K
}

